mode: set
github.com/YoungsoonLee/practical-go/ch01/main.go:22.56,28.38 5 0
github.com/YoungsoonLee/practical-go/ch01/main.go:32.2,33.20 2 0
github.com/YoungsoonLee/practical-go/ch01/main.go:36.2,36.18 1 0
github.com/YoungsoonLee/practical-go/ch01/main.go:28.38,30.3 1 0
github.com/YoungsoonLee/practical-go/ch01/main.go:33.20,35.3 1 0
github.com/YoungsoonLee/practical-go/ch01/main.go:39.47,45.20 4 1
github.com/YoungsoonLee/practical-go/ch01/main.go:49.2,49.44 1 1
github.com/YoungsoonLee/practical-go/ch01/main.go:54.2,55.16 2 1
github.com/YoungsoonLee/practical-go/ch01/main.go:58.2,59.15 2 1
github.com/YoungsoonLee/practical-go/ch01/main.go:45.20,47.3 1 1
github.com/YoungsoonLee/practical-go/ch01/main.go:49.44,52.3 2 1
github.com/YoungsoonLee/practical-go/ch01/main.go:55.16,57.3 1 1
github.com/YoungsoonLee/practical-go/ch01/main.go:62.30,64.2 1 0
github.com/YoungsoonLee/practical-go/ch01/main.go:66.35,67.23 1 0
github.com/YoungsoonLee/practical-go/ch01/main.go:70.2,70.12 1 0
github.com/YoungsoonLee/practical-go/ch01/main.go:67.23,69.3 1 0
github.com/YoungsoonLee/practical-go/ch01/main.go:73.55,74.18 1 0
github.com/YoungsoonLee/practical-go/ch01/main.go:79.2,80.16 2 0
github.com/YoungsoonLee/practical-go/ch01/main.go:84.2,85.12 2 0
github.com/YoungsoonLee/practical-go/ch01/main.go:74.18,77.3 2 0
github.com/YoungsoonLee/practical-go/ch01/main.go:80.16,82.3 1 0
github.com/YoungsoonLee/practical-go/ch01/main.go:88.52,90.34 2 0
github.com/YoungsoonLee/practical-go/ch01/main.go:90.34,92.3 1 0
github.com/YoungsoonLee/practical-go/ch01/main.go:95.13,97.16 2 0
github.com/YoungsoonLee/practical-go/ch01/main.go:102.2,103.16 2 0
github.com/YoungsoonLee/practical-go/ch01/main.go:109.2,110.16 2 0
github.com/YoungsoonLee/practical-go/ch01/main.go:97.16,101.3 3 0
github.com/YoungsoonLee/practical-go/ch01/main.go:103.16,107.3 3 0
github.com/YoungsoonLee/practical-go/ch01/main.go:110.16,113.3 2 0
